<?xml version="1.0" encoding="UTF-8"?>
<testng-results ignored="0" total="2" passed="2" failed="0" skipped="0">
  <reporter-output>
  </reporter-output>
  <suite started-at="2022-06-04T06:31:22Z" name="Default suite" finished-at="2022-06-04T06:31:26Z" duration-ms="4482">
    <groups>
    </groups>
    <test started-at="2022-06-04T06:31:22Z" name="Default test" finished-at="2022-06-04T06:31:26Z" duration-ms="4482">
      <class name="RestAPIXML.XMLTest">
        <test-method signature="test1()[pri:0, instance:RestAPIXML.XMLTest@14f9390f]" started-at="2022-06-04T06:31:22Z" name="test1" finished-at="2022-06-04T06:31:25Z" duration-ms="2826" status="PASS">
          <reporter-output>
          </reporter-output>
        </test-method> <!-- test1 -->
        <test-method signature="test2()[pri:0, instance:RestAPIXML.XMLTest@14f9390f]" started-at="2022-06-04T06:31:25Z" name="test2" finished-at="2022-06-04T06:31:26Z" duration-ms="1619" status="PASS">
          <reporter-output>
          </reporter-output>
        </test-method> <!-- test2 -->
      </class> <!-- RestAPIXML.XMLTest -->
    </test> <!-- Default test -->
  </suite> <!-- Default suite -->
</testng-results>
